<?xml version="1.0" encoding="UTF-8"?>
<!-- Generated by org.testng.reporters.JUnitXMLReporter -->
<testsuite ignored="0" hostname="EPINHYDW0EDB" failures="2" tests="6" name="All tests" time="15.722" errors="0" timestamp="2022-08-05T14:53:17 IST">
  <testcase classname="tests.CalculatorPageTests" name="checkInformationInVmClassString" time="13.708">
    <failure type="java.lang.ExceptionInInitializerError">
      <![CDATA[java.lang.ExceptionInInitializerError
at Service.CalculatorService.getCalculatorData(CalculatorService.java:15)
at tests.CalculatorPageTests.checkInformationInVmClassString(CalculatorPageTests.java:17)
at java.base/java.util.ArrayList.forEach(ArrayList.java:1511)
Caused by: java.lang.NullPointerException: Cannot invoke "String.hashCode()" because "this.name" is null
at java.base/java.util.ResourceBundle$CacheKey.hashCode(ResourceBundle.java:745)
at java.base/java.util.concurrent.ConcurrentHashMap.get(ConcurrentHashMap.java:936)
at java.base/java.util.ResourceBundle.getBundleImpl(ResourceBundle.java:1623)
at java.base/java.util.ResourceBundle.getBundleImpl(ResourceBundle.java:1586)
at java.base/java.util.ResourceBundle.getBundleImpl(ResourceBundle.java:1549)
at java.base/java.util.ResourceBundle.getBundle(ResourceBundle.java:858)
at Service.TestDataReader.<clinit>(TestDataReader.java:7)
... 34 more
... Removed 31 stack frames]]>
    </failure>
  </testcase> <!-- checkInformationInVmClassString -->
  <testcase classname="tests.CalculatorPageTests" name="checkInformationInVmClassStrings" time="0.078">
    <failure type="org.openqa.selenium.NoSuchElementException" message="no such element: Unable to locate element: {&amp;quot;method&amp;quot;:&amp;quot;xpath&amp;quot;,&amp;quot;selector&amp;quot;:&amp;quot;//div[contains (text(),&amp;apos;Provisioning model: Regular&amp;apos;)]&amp;quot;}
  (Session info: chrome=103.0.5060.134)
For documentation on this error, please visit: https://selenium.dev/exceptions/#no_such_element
Build info: version: &amp;apos;4.1.2&amp;apos;, revision: &amp;apos;9a5a329c5a&amp;apos;
System info: host: &amp;apos;EPINHYDW0EDB&amp;apos;, ip: &amp;apos;10.71.12.27&amp;apos;, os.name: &amp;apos;Windows 10&amp;apos;, os.arch: &amp;apos;amd64&amp;apos;, os.version: &amp;apos;10.0&amp;apos;, java.version: &amp;apos;17.0.4&amp;apos;
Driver info: org.openqa.selenium.chrome.ChromeDriver
Command: [0f4d41e3cee0b5ffae04a2636d425940, findElement {using=xpath, value=//div[contains (text(),&amp;apos;Provisioning model: Regular&amp;apos;)]}]
Capabilities {acceptInsecureCerts: false, browserName: chrome, browserVersion: 103.0.5060.134, chrome: {chromedriverVersion: 103.0.5060.134 (8ec6fce403b..., userDataDir: C:\Users\RAJESH~1\AppData\L...}, goog:chromeOptions: {debuggerAddress: localhost:58919}, javascriptEnabled: true, networkConnectionEnabled: false, pageLoadStrategy: normal, platform: WINDOWS, platformName: WINDOWS, proxy: Proxy(), se:cdp: ws://localhost:58919/devtoo..., se:cdpVersion: 103.0.5060.134, setWindowRect: true, strictFileInteractability: false, timeouts: {implicit: 0, pageLoad: 300000, script: 30000}, unhandledPromptBehavior: dismiss and notify, webauthn:extension:credBlob: true, webauthn:extension:largeBlob: true, webauthn:virtualAuthenticators: true}
Session ID: 0f4d41e3cee0b5ffae04a2636d425940">
      <![CDATA[org.openqa.selenium.NoSuchElementException: no such element: Unable to locate element: {"method":"xpath","selector":"//div[contains (text(),'Provisioning model: Regular')]"}
  (Session info: chrome=103.0.5060.134)
For documentation on this error, please visit: https://selenium.dev/exceptions/#no_such_element
Build info: version: '4.1.2', revision: '9a5a329c5a'
System info: host: 'EPINHYDW0EDB', ip: '10.71.12.27', os.name: 'Windows 10', os.arch: 'amd64', os.version: '10.0', java.version: '17.0.4'
Driver info: org.openqa.selenium.chrome.ChromeDriver
Command: [0f4d41e3cee0b5ffae04a2636d425940, findElement {using=xpath, value=//div[contains (text(),'Provisioning model: Regular')]}]
Capabilities {acceptInsecureCerts: false, browserName: chrome, browserVersion: 103.0.5060.134, chrome: {chromedriverVersion: 103.0.5060.134 (8ec6fce403b..., userDataDir: C:\Users\RAJESH~1\AppData\L...}, goog:chromeOptions: {debuggerAddress: localhost:58919}, javascriptEnabled: true, networkConnectionEnabled: false, pageLoadStrategy: normal, platform: WINDOWS, platformName: WINDOWS, proxy: Proxy(), se:cdp: ws://localhost:58919/devtoo..., se:cdpVersion: 103.0.5060.134, setWindowRect: true, strictFileInteractability: false, timeouts: {implicit: 0, pageLoad: 300000, script: 30000}, unhandledPromptBehavior: dismiss and notify, webauthn:extension:credBlob: true, webauthn:extension:largeBlob: true, webauthn:virtualAuthenticators: true}
Session ID: 0f4d41e3cee0b5ffae04a2636d425940
at org.openqa.selenium.remote.codec.w3c.W3CHttpResponseCodec.createException(W3CHttpResponseCodec.java:200)
at org.openqa.selenium.remote.codec.w3c.W3CHttpResponseCodec.decode(W3CHttpResponseCodec.java:133)
at org.openqa.selenium.remote.codec.w3c.W3CHttpResponseCodec.decode(W3CHttpResponseCodec.java:53)
at org.openqa.selenium.remote.HttpCommandExecutor.execute(HttpCommandExecutor.java:184)
at org.openqa.selenium.remote.service.DriverCommandExecutor.invokeExecute(DriverCommandExecutor.java:167)
at org.openqa.selenium.remote.service.DriverCommandExecutor.execute(DriverCommandExecutor.java:142)
at org.openqa.selenium.remote.RemoteWebDriver.execute(RemoteWebDriver.java:558)
at org.openqa.selenium.remote.ElementLocation$ElementFinder$2.findElement(ElementLocation.java:162)
at org.openqa.selenium.remote.ElementLocation.findElement(ElementLocation.java:60)
at org.openqa.selenium.remote.RemoteWebDriver.findElement(RemoteWebDriver.java:382)
at org.openqa.selenium.remote.RemoteWebDriver.findElement(RemoteWebDriver.java:374)
at pages.CalculatorPage.checkInformationInVmClassIsRegular(CalculatorPage.java:191)
at tests.CalculatorPageTests.checkInformationInVmClassStrings(CalculatorPageTests.java:36)
at java.base/java.util.ArrayList.forEach(ArrayList.java:1511)
... Removed 36 stack frames]]>
    </failure>
  </testcase> <!-- checkInformationInVmClassStrings -->
  <testcase classname="tests.CalculatorPageTests" name="checkCommitmentTermOneYear" time="0.0">
    <skipped/>
  </testcase> <!-- checkCommitmentTermOneYear -->
  <testcase classname="tests.CalculatorPageTests" name="checkInformationInInstanceTypeIncludeN1Standard8" time="0.0">
    <skipped/>
  </testcase> <!-- checkInformationInInstanceTypeIncludeN1Standard8 -->
  <testcase classname="tests.CalculatorPageTests" name="checkLocalSsdSpace2x375Gib" time="0.0">
    <skipped/>
  </testcase> <!-- checkLocalSsdSpace2x375Gib -->
  <testcase classname="tests.CalculatorPageTests" name="checkRegionIsFrankfurt" time="0.0">
    <skipped/>
  </testcase> <!-- checkRegionIsFrankfurt -->
</testsuite> <!-- All tests -->
