<!DOCTYPE html PUBLIC "-//W3C//DTD XHTML 1.1//EN" "https://www.w3.org/TR/xhtml11/DTD/xhtml11.dtd">
<html xmlns="https://www.w3.org/1999/xhtml">
<head>
<meta http-equiv="content-type" content="text/html; charset=UTF-8"/>
<title>TestNG Report</title>
<style type="text/css">table {margin-bottom:10px;border-collapse:collapse;empty-cells:show}th,td {border:1px solid #009;padding:.25em .5em}th {vertical-align:bottom}td {vertical-align:top}table a {font-weight:bold}.stripe td {background-color: #E6EBF9}.num {text-align:right}.passedodd td {background-color: #3F3}.passedeven td {background-color: #0A0}.skippedodd td {background-color: #DDD}.skippedeven td {background-color: #CCC}.failedodd td,.attn {background-color: #F33}.failedeven td,.stripe .attn {background-color: #D00}.stacktrace {white-space:pre;font-family:monospace}.totop {font-size:85%;text-align:center;border-bottom:2px solid #000}.invisible {display:none}</style>
</head>
<body>
<table>
<tr><th>Test</th><th># Passed</th><th># Skipped</th><th># Retried</th><th># Failed</th><th>Time (ms)</th><th>Included Groups</th><th>Excluded Groups</th></tr>
<tr><th colspan="8">All tests</th></tr>
<tr><td><a href="#t0">All tests</a></td><td class="num">0</td><td class="num attn">4</td><td class="num">0</td><td class="num attn">2</td><td class="num">15,722</td><td></td><td></td></tr>
</table>
<table id='summary'><thead><tr><th>Class</th><th>Method</th><th>Start</th><th>Time (ms)</th></tr></thead><tbody><tr><th colspan="4">All tests</th></tr></tbody><tbody id="t0"><tr><th colspan="4">All tests &#8212; failed</th></tr><tr class="failedeven"><td rowspan="2">tests.CalculatorPageTests</td><td><a href="#m0">checkInformationInVmClassString</a></td><td rowspan="1">1659691383677</td><td rowspan="1">13708</td></tr><tr class="failedeven"><td><a href="#m1">checkInformationInVmClassStrings</a></td><td rowspan="1">1659691397561</td><td rowspan="1">78</td></tr><tr><th colspan="4">All tests &#8212; skipped</th></tr><tr class="skippedeven"><td rowspan="4">tests.CalculatorPageTests</td><td><a href="#m2">checkCommitmentTermOneYear</a></td><td rowspan="1">1659691397775</td><td rowspan="1">0</td></tr><tr class="skippedeven"><td><a href="#m3">checkInformationInInstanceTypeIncludeN1Standard8</a></td><td rowspan="1">1659691397775</td><td rowspan="1">0</td></tr><tr class="skippedeven"><td><a href="#m4">checkLocalSsdSpace2x375Gib</a></td><td rowspan="1">1659691397776</td><td rowspan="1">0</td></tr><tr class="skippedeven"><td><a href="#m5">checkRegionIsFrankfurt</a></td><td rowspan="1">1659691397776</td><td rowspan="1">0</td></tr></tbody>
</table>
<h2>All tests</h2><h3 id="m0">tests.CalculatorPageTests#checkInformationInVmClassString</h3><table class="result"><tr><th>Exception</th></tr><tr><td><div class="stacktrace">java.lang.ExceptionInInitializerError
	at Service.CalculatorService.getCalculatorData(CalculatorService.java:15)
	at tests.CalculatorPageTests.checkInformationInVmClassString(CalculatorPageTests.java:17)
	at java.base/java.util.ArrayList.forEach(ArrayList.java:1511)
Caused by: java.lang.NullPointerException: Cannot invoke &quot;String.hashCode()&quot; because &quot;this.name&quot; is null
	at java.base/java.util.ResourceBundle$CacheKey.hashCode(ResourceBundle.java:745)
	at java.base/java.util.concurrent.ConcurrentHashMap.get(ConcurrentHashMap.java:936)
	at java.base/java.util.ResourceBundle.getBundleImpl(ResourceBundle.java:1623)
	at java.base/java.util.ResourceBundle.getBundleImpl(ResourceBundle.java:1586)
	at java.base/java.util.ResourceBundle.getBundleImpl(ResourceBundle.java:1549)
	at java.base/java.util.ResourceBundle.getBundle(ResourceBundle.java:858)
	at Service.TestDataReader.&lt;clinit&gt;(TestDataReader.java:7)
	... 34 more
... Removed 31 stack frames</div></td></tr></table><p class="totop"><a href="#summary">back to summary</a></p>
<h3 id="m1">tests.CalculatorPageTests#checkInformationInVmClassStrings</h3><table class="result"><tr><th>Exception</th></tr><tr><td><div class="stacktrace">org.openqa.selenium.NoSuchElementException: no such element: Unable to locate element: {&quot;method&quot;:&quot;xpath&quot;,&quot;selector&quot;:&quot;//div[contains (text(),&apos;Provisioning model: Regular&apos;)]&quot;}
  (Session info: chrome=103.0.5060.134)
For documentation on this error, please visit: https://selenium.dev/exceptions/#no_such_element
Build info: version: &apos;4.1.2&apos;, revision: &apos;9a5a329c5a&apos;
System info: host: &apos;EPINHYDW0EDB&apos;, ip: &apos;10.71.12.27&apos;, os.name: &apos;Windows 10&apos;, os.arch: &apos;amd64&apos;, os.version: &apos;10.0&apos;, java.version: &apos;17.0.4&apos;
Driver info: org.openqa.selenium.chrome.ChromeDriver
Command: [0f4d41e3cee0b5ffae04a2636d425940, findElement {using=xpath, value=//div[contains (text(),&apos;Provisioning model: Regular&apos;)]}]
Capabilities {acceptInsecureCerts: false, browserName: chrome, browserVersion: 103.0.5060.134, chrome: {chromedriverVersion: 103.0.5060.134 (8ec6fce403b..., userDataDir: C:\Users\RAJESH~1\AppData\L...}, goog:chromeOptions: {debuggerAddress: localhost:58919}, javascriptEnabled: true, networkConnectionEnabled: false, pageLoadStrategy: normal, platform: WINDOWS, platformName: WINDOWS, proxy: Proxy(), se:cdp: ws://localhost:58919/devtoo..., se:cdpVersion: 103.0.5060.134, setWindowRect: true, strictFileInteractability: false, timeouts: {implicit: 0, pageLoad: 300000, script: 30000}, unhandledPromptBehavior: dismiss and notify, webauthn:extension:credBlob: true, webauthn:extension:largeBlob: true, webauthn:virtualAuthenticators: true}
Session ID: 0f4d41e3cee0b5ffae04a2636d425940
	at org.openqa.selenium.remote.codec.w3c.W3CHttpResponseCodec.createException(W3CHttpResponseCodec.java:200)
	at org.openqa.selenium.remote.codec.w3c.W3CHttpResponseCodec.decode(W3CHttpResponseCodec.java:133)
	at org.openqa.selenium.remote.codec.w3c.W3CHttpResponseCodec.decode(W3CHttpResponseCodec.java:53)
	at org.openqa.selenium.remote.HttpCommandExecutor.execute(HttpCommandExecutor.java:184)
	at org.openqa.selenium.remote.service.DriverCommandExecutor.invokeExecute(DriverCommandExecutor.java:167)
	at org.openqa.selenium.remote.service.DriverCommandExecutor.execute(DriverCommandExecutor.java:142)
	at org.openqa.selenium.remote.RemoteWebDriver.execute(RemoteWebDriver.java:558)
	at org.openqa.selenium.remote.ElementLocation$ElementFinder$2.findElement(ElementLocation.java:162)
	at org.openqa.selenium.remote.ElementLocation.findElement(ElementLocation.java:60)
	at org.openqa.selenium.remote.RemoteWebDriver.findElement(RemoteWebDriver.java:382)
	at org.openqa.selenium.remote.RemoteWebDriver.findElement(RemoteWebDriver.java:374)
	at pages.CalculatorPage.checkInformationInVmClassIsRegular(CalculatorPage.java:191)
	at tests.CalculatorPageTests.checkInformationInVmClassStrings(CalculatorPageTests.java:36)
	at java.base/java.util.ArrayList.forEach(ArrayList.java:1511)
... Removed 36 stack frames</div></td></tr></table><p class="totop"><a href="#summary">back to summary</a></p>
<h3 id="m2">tests.CalculatorPageTests#checkCommitmentTermOneYear</h3><table class="result"><tr><th>Exception</th></tr><tr><td><div class="stacktrace">java.lang.Throwable: Method tests.CalculatorPageTests.checkCommitmentTermOneYear() on instance tests.CalculatorPageTests@4c9f8c13 depends on not successfully finished methods 
[tests.CalculatorPageTests.checkInformationInVmClassString() on instance tests.CalculatorPageTests@4c9f8c13]
	at java.base/java.util.ArrayList.forEach(ArrayList.java:1511)
... Removed 22 stack frames</div></td></tr></table><p class="totop"><a href="#summary">back to summary</a></p>
<h3 id="m3">tests.CalculatorPageTests#checkInformationInInstanceTypeIncludeN1Standard8</h3><table class="result"><tr><th>Exception</th></tr><tr><td><div class="stacktrace">java.lang.Throwable: Method tests.CalculatorPageTests.checkInformationInInstanceTypeIncludeN1Standard8() on instance tests.CalculatorPageTests@4c9f8c13 depends on not successfully finished methods 
[tests.CalculatorPageTests.checkInformationInVmClassString() on instance tests.CalculatorPageTests@4c9f8c13]
	at java.base/java.util.ArrayList.forEach(ArrayList.java:1511)
... Removed 22 stack frames</div></td></tr></table><p class="totop"><a href="#summary">back to summary</a></p>
<h3 id="m4">tests.CalculatorPageTests#checkLocalSsdSpace2x375Gib</h3><table class="result"><tr><th>Exception</th></tr><tr><td><div class="stacktrace">java.lang.Throwable: Method tests.CalculatorPageTests.checkLocalSsdSpace2x375Gib() on instance tests.CalculatorPageTests@4c9f8c13 depends on not successfully finished methods 
[tests.CalculatorPageTests.checkInformationInVmClassString() on instance tests.CalculatorPageTests@4c9f8c13]
	at java.base/java.util.ArrayList.forEach(ArrayList.java:1511)
... Removed 22 stack frames</div></td></tr></table><p class="totop"><a href="#summary">back to summary</a></p>
<h3 id="m5">tests.CalculatorPageTests#checkRegionIsFrankfurt</h3><table class="result"><tr><th>Exception</th></tr><tr><td><div class="stacktrace">java.lang.Throwable: Method tests.CalculatorPageTests.checkRegionIsFrankfurt() on instance tests.CalculatorPageTests@4c9f8c13 depends on not successfully finished methods 
[tests.CalculatorPageTests.checkInformationInVmClassString() on instance tests.CalculatorPageTests@4c9f8c13]
	at java.base/java.util.ArrayList.forEach(ArrayList.java:1511)
... Removed 22 stack frames</div></td></tr></table><p class="totop"><a href="#summary">back to summary</a></p>
</body>
</html>
